[
 {
  "taskId": "test-3594055725",
  "points": 2,
  "results": [
   {
    "points": 2,
    "guidance": null,
    "attemptsCount": 7,
    "timestamp": "2021-10-06T08:08:26.403Z",
    "format": null,
    "code": 0,
    "output": "[==========] Running 2 tests from 1 test case.\n[----------] Global test environment set-up.\n[----------] 2 tests from SquareRootTest\n[ RUN      ] SquareRootTest.PositiveNos\n[       OK ] SquareRootTest.PositiveNos (0 ms)\n[ RUN      ] SquareRootTest.NegativeNos\n[       OK ] SquareRootTest.NegativeNos (0 ms)\n[----------] 2 tests from SquareRootTest (0 ms total)\n\n[----------] Global test environment tear-down\n[==========] 2 tests from 1 test case ran. (0 ms total)\n[  PASSED  ] 2 tests.\n<h3><strong>Total Points: 2/2</strong></h3>",
    "state": "pass"
   },
   {
    "points": 2,
    "guidance": null,
    "attemptsCount": 6,
    "timestamp": "2021-10-04T20:34:13.289Z",
    "format": null,
    "code": 0,
    "output": "[==========] Running 2 tests from 1 test case.\n[----------] Global test environment set-up.\n[----------] 2 tests from SquareRootTest\n[ RUN      ] SquareRootTest.PositiveNos\n[       OK ] SquareRootTest.PositiveNos (0 ms)\n[ RUN      ] SquareRootTest.NegativeNos\n[       OK ] SquareRootTest.NegativeNos (0 ms)\n[----------] 2 tests from SquareRootTest (0 ms total)\n\n[----------] Global test environment tear-down\n[==========] 2 tests from 1 test case ran. (0 ms total)\n[  PASSED  ] 2 tests.\n<h3><strong>Total Points: 2/2</strong></h3>",
    "state": "pass"
   },
   {
    "points": 1,
    "guidance": null,
    "attemptsCount": 5,
    "timestamp": "2021-10-04T20:24:06.160Z",
    "format": null,
    "code": 0,
    "output": ".guides/secure/tests.cpp: In function ‘int main(int, char**)’:\n.guides/secure/tests.cpp:17:5: error: conflicting declaration of C function ‘int main(int, char**)’\n int main(int argc, char **argv) {\n     ^~~~\nIn file included from .guides/secure/tests.cpp:2:0:\n.guides/secure/whattotest.cpp:17:5: note: previous declaration ‘int main()’\n int main()\n     ^~~~\n[==========] Running 2 tests from 1 test case.\n[----------] Global test environment set-up.\n[----------] 2 tests from SquareRootTest\n[ RUN      ] SquareRootTest.PositiveNos\n.guides/secure/tests.cpp:6: Failure\n      Expected: 6\nTo be equal to: squareRoot(36.0)\n      Which is: 6.08276\n[  FAILED  ] SquareRootTest.PositiveNos (0 ms)\n[ RUN      ] SquareRootTest.NegativeNos\n[       OK ] SquareRootTest.NegativeNos (0 ms)\n[----------] 2 tests from SquareRootTest (0 ms total)\n\n[----------] Global test environment tear-down\n[==========] 2 tests from 1 test case ran. (0 ms total)\n[  PASSED  ] 1 test.\n[  FAILED  ] 1 test, listed below:\n[  FAILED  ] SquareRootTest.PositiveNos\n\n 1 FAILED TEST\n<h3><strong>Total Points: 1/2</strong></h3>",
    "state": "pass"
   },
   {
    "points": 1,
    "guidance": null,
    "attemptsCount": 4,
    "timestamp": "2021-09-29T20:44:30.413Z",
    "format": null,
    "code": 0,
    "output": "[==========] Running 2 tests from 1 test case.\n[----------] Global test environment set-up.\n[----------] 2 tests from SquareRootTest\n[ RUN      ] SquareRootTest.PositiveNos\n.guides/secure/tests.cpp:6: Failure\n      Expected: 6\nTo be equal to: squareRoot(36.0)\n      Which is: 6.08276\n[  FAILED  ] SquareRootTest.PositiveNos (0 ms)\n[ RUN      ] SquareRootTest.NegativeNos\n[       OK ] SquareRootTest.NegativeNos (0 ms)\n[----------] 2 tests from SquareRootTest (0 ms total)\n\n[----------] Global test environment tear-down\n[==========] 2 tests from 1 test case ran. (0 ms total)\n[  PASSED  ] 1 test.\n[  FAILED  ] 1 test, listed below:\n[  FAILED  ] SquareRootTest.PositiveNos\n\n 1 FAILED TEST\n<h3><strong>Total Points: 1/2</strong></h3>",
    "state": "pass"
   },
   {
    "points": 2,
    "guidance": null,
    "attemptsCount": 3,
    "timestamp": "2021-09-29T20:41:15.448Z",
    "format": null,
    "code": 0,
    "output": "[==========] Running 2 tests from 1 test case.\n[----------] Global test environment set-up.\n[----------] 2 tests from SquareRootTest\n[ RUN      ] SquareRootTest.PositiveNos\n[       OK ] SquareRootTest.PositiveNos (0 ms)\n[ RUN      ] SquareRootTest.NegativeNos\n[       OK ] SquareRootTest.NegativeNos (0 ms)\n[----------] 2 tests from SquareRootTest (0 ms total)\n\n[----------] Global test environment tear-down\n[==========] 2 tests from 1 test case ran. (0 ms total)\n[  PASSED  ] 2 tests.\n<h3><strong>Total Points: 2/2</strong></h3>",
    "state": "pass"
   },
   {
    "points": 0,
    "guidance": null,
    "attemptsCount": 2,
    "timestamp": "2021-09-29T20:39:07.212Z",
    "format": null,
    "code": 2,
    "output": "[==========] Running 2 tests from 1 test case.\n[----------] Global test environment set-up.\n[----------] 2 tests from SquareRootTest\n[ RUN      ] SquareRootTest.PositiveNos\n[       OK ] SquareRootTest.PositiveNos (0 ms)\n[ RUN      ] SquareRootTest.NegativeNos\n[       OK ] SquareRootTest.NegativeNos (1 ms)\n[----------] 2 tests from SquareRootTest (1 ms total)\n\n[----------] Global test environment tear-down\n[==========] 2 tests from 1 test case ran. (1 ms total)\n[  PASSED  ] 2 tests.\n.guides/secure/runtests.sh: 9: .guides/secure/runtests.sh: xmllint: not found\n.guides/secure/runtests.sh: 10: .guides/secure/runtests.sh: xmllint: not found\n.guides/secure/runtests.sh: 11: .guides/secure/runtests.sh: arithmetic expression: expecting primary: \"-\"",
    "state": "fail"
   },
   {
    "points": 0,
    "guidance": null,
    "attemptsCount": 0,
    "timestamp": "2021-09-29T19:58:36.639Z",
    "format": null,
    "code": 2,
    "output": "g++: error: .guides/secure/tests.cpp: No such file or directory\n.guides/secure/runtests.sh: 8: .guides/secure/runtests.sh: ./.guides/secure/tests.exe: not found\n.guides/secure/runtests.sh: 9: .guides/secure/runtests.sh: xmllint: not found\n.guides/secure/runtests.sh: 10: .guides/secure/runtests.sh: xmllint: not found\n.guides/secure/runtests.sh: 11: .guides/secure/runtests.sh: arithmetic expression: expecting primary: \"-\"",
    "state": "fail"
   }
  ]
 }
]